<?xml version="1.0" encoding="UTF-8"?>
<testsuite name="com.FirstTest" tests="2" skipped="0" failures="0" errors="0" timestamp="2016-05-20T13:59:55" hostname="svargasv-dh01" time="0.151">
  <properties/>
  <testcase name="sample" classname="com.FirstTest" time="0.0"/>
  <testcase name="readjson_getjson" classname="com.FirstTest" time="0.15"/>
  <system-out><![CDATA[]]></system-out>
  <system-err><![CDATA[]]></system-err>
</testsuite>
